<?xml version="1.0" encoding="UTF-8"?>
<!-- Generated by org.testng.reporters.JUnitReportReporter -->
<testsuite hostname="jenkins" name="com.websystique.springmvc.controller.AppControllerTest" tests="10" failures="0" timestamp="8 Mar 2020 04:01:09 GMT" time="0.099" errors="0">
  <testcase name="saveEmployeeWithValidationErrorNonUniqueSSN" time="0.001" classname="com.websystique.springmvc.controller.AppControllerTest"/>
  <testcase name="deleteEmployee" time="0.027" classname="com.websystique.springmvc.controller.AppControllerTest"/>
  <testcase name="editEmployee" time="0.036" classname="com.websystique.springmvc.controller.AppControllerTest"/>
  <testcase name="listEmployees" time="0.021" classname="com.websystique.springmvc.controller.AppControllerTest"/>
  <testcase name="saveEmployeeWithValidationError" time="0.000" classname="com.websystique.springmvc.controller.AppControllerTest"/>
  <testcase name="updateEmployeeWithValidationError" time="0.000" classname="com.websystique.springmvc.controller.AppControllerTest"/>
  <testcase name="newEmployee" time="0.000" classname="com.websystique.springmvc.controller.AppControllerTest"/>
  <testcase name="updateEmployeeWithValidationErrorNonUniqueSSN" time="0.001" classname="com.websystique.springmvc.controller.AppControllerTest"/>
  <testcase name="saveEmployeeWithSuccess" time="0.000" classname="com.websystique.springmvc.controller.AppControllerTest"/>
  <testcase name="updateEmployeeWithSuccess" time="0.013" classname="com.websystique.springmvc.controller.AppControllerTest"/>
</testsuite> <!-- com.websystique.springmvc.controller.AppControllerTest -->
